<?xml version="1.0" encoding="UTF-8"?>
<beans xmlns="http://www.springframework.org/schema/beans"
	xmlns:xsi="http://www.w3.org/2001/XMLSchema-instance" xmlns:context="http://www.springframework.org/schema/context"
	xsi:schemaLocation="http://www.springframework.org/schema/beans http://www.springframework.org/schema/beans/spring-beans-3.0.xsd
		http://www.springframework.org/schema/context http://www.springframework.org/schema/context/spring-context-3.0.xsd">

	<bean name="myMongo1" class="org.springframework.data.mongodb.core.SimpleMongoDbFactory">
		<constructor-arg>
			<bean class="com.mongodb.MongoURI">
				<constructor-arg value="mongodb://localuser:localpass@127.0.0.1:1234/localdb"/>
			</bean>
		</constructor-arg>
	</bean>
	
	<bean name="myMongo2" class="org.springframework.data.mongodb.core.SimpleMongoDbFactory">
		<constructor-arg>
			<bean class="com.mongodb.MongoURI">
				<constructor-arg value="mongodb://localuser:localpass@127.0.0.1:4321/localdb"/>
			</bean>
		</constructor-arg>
	</bean>
		

</beans>
